<?xml version="1.0" encoding="UTF-8"?>
<robot generator="Robot 5.0 (Python 3.9.4 on win32)" generated="20220407 11:34:18.950" rpa="false" schemaversion="3">
<suite id="s1" name="Login1" source="C:\Users\JoysAngel\PycharmProjects\RobotAutomationsample\tests\facebook\functionaltestsuite\login1.robot">
<test id="s1-t1" name="Login Screen Test" line="8">
<kw name="Log" library="BuiltIn">
<arg>Hello</arg>
<doc>Logs the given message with the given level.</doc>
<msg timestamp="20220407 11:34:19.230" level="INFO">Hello</msg>
<status status="PASS" starttime="20220407 11:34:19.230" endtime="20220407 11:34:19.230"/>
</kw>
<doc>this is a login screen for users</doc>
<tag>users</tag>
<status status="PASS" starttime="20220407 11:34:19.222" endtime="20220407 11:34:19.230"/>
</test>
<test id="s1-t2" name="Registration Screen Test" line="13">
<kw name="Log" library="BuiltIn">
<arg>Sucess</arg>
<doc>Logs the given message with the given level.</doc>
<msg timestamp="20220407 11:34:19.230" level="INFO">Sucess</msg>
<status status="PASS" starttime="20220407 11:34:19.230" endtime="20220407 11:34:19.230"/>
</kw>
<doc>This is the registration screen for users</doc>
<tag>users</tag>
<status status="PASS" starttime="20220407 11:34:19.230" endtime="20220407 11:34:19.230"/>
</test>
<test id="s1-t3" name="Admin Login Test" line="18">
<kw name="Log" library="BuiltIn">
<arg>Admin</arg>
<doc>Logs the given message with the given level.</doc>
<msg timestamp="20220407 11:34:19.230" level="INFO">Admin</msg>
<status status="PASS" starttime="20220407 11:34:19.230" endtime="20220407 11:34:19.230"/>
</kw>
<doc>this page is for admins</doc>
<tag>Admin</tag>
<status status="PASS" starttime="20220407 11:34:19.230" endtime="20220407 11:34:19.230"/>
</test>
<test id="s1-t4" name="Google Test" line="23">
<kw name="Open Browser" library="SeleniumLibrary">
<arg>${web_url}</arg>
<arg>chrome</arg>
<doc>Opens a new browser instance to the optional ``url``.</doc>
<msg timestamp="20220407 11:34:19.230" level="INFO">Opening browser 'chrome' to base url 'https://www.google.com/'.</msg>
<status status="PASS" starttime="20220407 11:34:19.230" endtime="20220407 11:34:21.927"/>
</kw>
<kw name="Maximize Browser Window" library="SeleniumLibrary">
<doc>Maximizes current browser window.</doc>
<status status="PASS" starttime="20220407 11:34:21.927" endtime="20220407 11:34:22.060"/>
</kw>
<kw name="Input Text" library="SeleniumLibrary">
<arg>name:q</arg>
<arg>${search_p}</arg>
<doc>Types the given ``text`` into the text field identified by ``locator``.</doc>
<msg timestamp="20220407 11:34:22.060" level="INFO">Typing text 'Amazon.in' into text field 'name:q'.</msg>
<status status="PASS" starttime="20220407 11:34:22.060" endtime="20220407 11:34:22.200"/>
</kw>
<kw name="Submit Form" library="SeleniumLibrary">
<doc>Submits a form identified by ``locator``.</doc>
<msg timestamp="20220407 11:34:22.201" level="INFO">Submitting form 'None'.</msg>
<status status="PASS" starttime="20220407 11:34:22.201" endtime="20220407 11:34:24.586"/>
</kw>
<kw name="Close Browser" library="SeleniumLibrary">
<doc>Closes the current browser.</doc>
<status status="PASS" starttime="20220407 11:34:24.586" endtime="20220407 11:34:26.800"/>
</kw>
<doc>google test</doc>
<tag>internet</tag>
<status status="PASS" starttime="20220407 11:34:19.230" endtime="20220407 11:34:26.800"/>
</test>
<status status="PASS" starttime="20220407 11:34:18.950" endtime="20220407 11:34:26.800"/>
</suite>
<statistics>
<total>
<stat pass="4" fail="0" skip="0">All Tests</stat>
</total>
<tag>
<stat pass="1" fail="0" skip="0">Admin</stat>
<stat pass="1" fail="0" skip="0">internet</stat>
<stat pass="2" fail="0" skip="0">users</stat>
</tag>
<suite>
<stat pass="4" fail="0" skip="0" id="s1" name="Login1">Login1</stat>
</suite>
</statistics>
<errors>
</errors>
</robot>
